[2018-09-09T10:19:30.799] [INFO] [service/proxy] - 
[2018-09-09T10:20:30.703] [INFO] [service/eleme] - 当前 white 18 条，black 88 条
[2018-09-09T10:21:30.707] [INFO] [service/eleme] - 当前 white 18 条，black 88 条
[2018-09-09T10:22:30.712] [INFO] [service/eleme] - 当前 white 18 条，black 88 条
[2018-09-09T10:23:30.712] [INFO] [service/eleme] - 当前 white 18 条，black 88 条
[2018-09-09T10:24:30.717] [INFO] [service/eleme] - 当前 white 18 条，black 88 条
[2018-09-09T10:24:34.803] [INFO] [request/get-hongbao] - {"url":"https://h5.ele.me/hongbao/#hardware_id=&is_lucky_group=True&lucky_number=9&track_id=&platform=4&sn=110040a975ab0cb5&theme_id=3017&device_id=&refer_user_id=16044417","mobile":"15259029407","cookies":11}
[2018-09-09T10:24:44.605] [INFO] [service/proxy] - 本次不走代理
[2018-09-09T10:24:46.885] [ERROR] [service/eleme] - Cannot set property 'Cookie' of undefined
[2018-09-09T10:24:46.888] [INFO] [response/get-hongbao] - {"code":7,"data":{"cookies":[]},"message":"Cannot set property 'Cookie' of undefined"}
[2018-09-09T10:24:46.889] [INFO] [request/get-hongbao] - 耗时 12.086s
[2018-09-09T10:25:30.721] [INFO] [service/eleme] - 当前 white 18 条，black 88 条
[2018-09-09T10:26:14.709] [INFO] [request/get-hongbao] - {"url":"https://h5.ele.me/hongbao/#hardware_id=&is_lucky_group=True&lucky_number=9&track_id=&platform=4&sn=110040a975ab0cb5&theme_id=3017&device_id=&refer_user_id=16044417","mobile":"15259029407","cookies":11}
[2018-09-09T10:26:26.824] [INFO] [service/proxy] - 本次不走代理
[2018-09-09T10:26:30.806] [INFO] [service/eleme] - 当前 white 18 条，black 88 条
[2018-09-09T10:27:16.253] [ERROR] [service/eleme] - Cannot set property 'Cookie' of undefined
[2018-09-09T10:29:33.775] [INFO] [response/get-hongbao] - {"code":7,"data":{"cookies":[]},"message":"Cannot set property 'Cookie' of undefined"}
[2018-09-09T10:29:33.777] [INFO] [request/get-hongbao] - 耗时 199.068s
[2018-09-09T10:29:33.779] [INFO] [service/eleme] - 当前 white 18 条，black 88 条
[2018-09-09T10:29:46.363] [INFO] [request/get-hongbao] - {"url":"https://h5.ele.me/hongbao/#hardware_id=&is_lucky_group=True&lucky_number=9&track_id=&platform=4&sn=110040a975ab0cb5&theme_id=3017&device_id=&refer_user_id=16044417","mobile":"15259029407","cookies":11}
[2018-09-09T10:29:46.364] [INFO] [service/proxy] - 本次不走代理
[2018-09-09T10:29:56.051] [ERROR] [service/eleme] - Cannot set property 'Cookie' of undefined
[2018-09-09T10:29:56.052] [INFO] [response/get-hongbao] - {"code":7,"data":{"cookies":[]},"message":"Cannot set property 'Cookie' of undefined"}
[2018-09-09T10:29:56.053] [INFO] [request/get-hongbao] - 耗时 9.69s
[2018-09-09T10:30:33.780] [INFO] [service/eleme] - 当前 white 18 条，black 88 条
[2018-09-09T10:30:36.872] [INFO] [request/get-hongbao] - {"url":"https://h5.ele.me/hongbao/#hardware_id=&is_lucky_group=True&lucky_number=9&track_id=&platform=4&sn=110040a975ab0cb5&theme_id=3017&device_id=&refer_user_id=16044417","mobile":"15259029407","cookies":11}
[2018-09-09T10:30:36.873] [INFO] [service/proxy] - 本次不走代理
[2018-09-09T10:30:37.009] [ERROR] [service/eleme] - Cannot set property 'Cookie' of undefined
[2018-09-09T10:30:37.011] [INFO] [response/get-hongbao] - {"code":7,"data":{"cookies":[]},"message":"Cannot set property 'Cookie' of undefined"}
[2018-09-09T10:30:37.013] [INFO] [request/get-hongbao] - 耗时 0.141s
[2018-09-09T10:31:33.783] [INFO] [service/eleme] - 当前 white 18 条，black 88 条
[2018-09-09T10:32:33.784] [INFO] [service/eleme] - 当前 white 18 条，black 88 条
[2018-09-09T10:33:33.786] [INFO] [service/eleme] - 当前 white 18 条，black 88 条
[2018-09-09T10:34:33.790] [INFO] [service/eleme] - 当前 white 18 条，black 88 条
[2018-09-09T10:35:33.793] [INFO] [service/eleme] - 当前 white 18 条，black 88 条
[2018-09-09T10:35:49.540] [INFO] [service/proxy] - 
[2018-09-09T10:36:05.585] [INFO] [request/get-hongbao] - {"url":"https://h5.ele.me/hongbao/#hardware_id=&is_lucky_group=True&lucky_number=9&track_id=&platform=4&sn=110040a975ab0cb5&theme_id=3017&device_id=&refer_user_id=16044417","mobile":"15259029407","cookies":11}
[2018-09-09T10:36:05.586] [INFO] [service/proxy] - 本次不走代理
[2018-09-09T10:36:16.148] [INFO] [service/proxy] - 本次不走代理
[2018-09-09T10:36:16.150] [ERROR] [service/eleme] - sn is not defined
[2018-09-09T10:36:16.153] [INFO] [response/get-hongbao] - {"code":7,"data":{"cookies":[]},"message":"sn is not defined"}
[2018-09-09T10:36:16.156] [INFO] [request/get-hongbao] - 耗时 10.572s
[2018-09-09T10:36:49.461] [INFO] [service/eleme] - 当前 white 18 条，black 88 条
[2018-09-09T10:37:49.471] [INFO] [service/eleme] - 当前 white 18 条，black 88 条
[2018-09-09T10:37:49.567] [INFO] [request/get-hongbao] - {"url":"https://h5.ele.me/hongbao/#hardware_id=&is_lucky_group=True&lucky_number=9&track_id=&platform=4&sn=110040a975ab0cb5&theme_id=3017&device_id=&refer_user_id=16044417","mobile":"15259029407","cookies":11}
[2018-09-09T10:37:49.568] [INFO] [service/proxy] - 本次不走代理
[2018-09-09T10:38:26.519] [INFO] [service/proxy] - 本次不走代理
[2018-09-09T10:39:53.614] [ERROR] [service/eleme] - sn is not defined
[2018-09-09T10:39:53.616] [INFO] [response/get-hongbao] - {"code":7,"data":{"cookies":[]},"message":"sn is not defined"}
[2018-09-09T10:39:53.616] [INFO] [request/get-hongbao] - 耗时 124.049s
[2018-09-09T10:39:53.617] [INFO] [service/eleme] - 当前 white 18 条，black 88 条
[2018-09-09T10:40:22.790] [INFO] [request/get-hongbao] - {"url":"https://h5.ele.me/hongbao/#hardware_id=&is_lucky_group=True&lucky_number=9&track_id=&platform=4&sn=110040a975ab0cb5&theme_id=3017&device_id=&refer_user_id=16044417","mobile":"15259029407","cookies":11}
[2018-09-09T10:40:22.791] [INFO] [service/proxy] - 本次不走代理
[2018-09-09T10:45:55.604] [INFO] [service/proxy] - 本次不走代理
[2018-09-09T10:45:55.606] [ERROR] [service/eleme] - sn is not defined
[2018-09-09T10:45:55.608] [INFO] [response/get-hongbao] - {"code":7,"data":{"cookies":[]},"message":"sn is not defined"}
[2018-09-09T10:45:55.609] [INFO] [request/get-hongbao] - 耗时 332.819s
[2018-09-09T10:45:55.613] [INFO] [service/eleme] - 当前 white 18 条，black 88 条
[2018-09-09T10:46:33.503] [INFO] [request/get-hongbao] - {"url":"https://h5.ele.me/hongbao/#hardware_id=&is_lucky_group=True&lucky_number=9&track_id=&platform=4&sn=110040a975ab0cb5&theme_id=3017&device_id=&refer_user_id=16044417","mobile":"15259029407","cookies":10}
[2018-09-09T10:46:33.504] [INFO] [service/proxy] - 本次不走代理
[2018-09-09T10:46:46.777] [INFO] [service/proxy] - 本次不走代理
[2018-09-09T10:46:46.779] [ERROR] [service/eleme] - sn is not defined
[2018-09-09T10:46:46.780] [INFO] [response/get-hongbao] - {"code":7,"data":{"cookies":[]},"message":"sn is not defined"}
[2018-09-09T10:46:46.781] [INFO] [request/get-hongbao] - 耗时 13.278s
[2018-09-09T10:46:55.614] [INFO] [service/eleme] - 当前 white 18 条，black 88 条
[2018-09-09T10:47:40.634] [INFO] [request/get-hongbao] - {"url":"https://h5.ele.me/hongbao/#hardware_id=&is_lucky_group=True&lucky_number=9&track_id=&platform=4&sn=110040a975ab0cb5&theme_id=3017&device_id=&refer_user_id=16044417","mobile":"15259029407","cookies":10}
[2018-09-09T10:47:40.635] [INFO] [service/proxy] - 本次不走代理
[2018-09-09T10:49:54.777] [INFO] [service/proxy] - 本次不走代理
[2018-09-09T10:49:54.780] [ERROR] [service/eleme] - sn is not defined
[2018-09-09T10:49:54.781] [INFO] [response/get-hongbao] - {"code":7,"data":{"cookies":[]},"message":"sn is not defined"}
[2018-09-09T10:49:54.782] [INFO] [request/get-hongbao] - 耗时 134.148s
[2018-09-09T10:49:54.784] [INFO] [service/eleme] - 当前 white 18 条，black 88 条
[2018-09-09T10:50:19.634] [INFO] [request/get-hongbao] - {"url":"https://h5.ele.me/hongbao/#hardware_id=&is_lucky_group=True&lucky_number=9&track_id=&platform=4&sn=110040a975ab0cb5&theme_id=3017&device_id=&refer_user_id=16044417","mobile":"15259029407","cookies":10}
[2018-09-09T10:50:19.635] [INFO] [service/proxy] - 本次不走代理
[2018-09-09T10:51:14.153] [INFO] [service/proxy] - 本次不走代理
[2018-09-09T10:51:14.155] [ERROR] [service/eleme] - sn is not defined
[2018-09-09T10:51:14.156] [INFO] [response/get-hongbao] - {"code":7,"data":{"cookies":[]},"message":"sn is not defined"}
[2018-09-09T10:51:14.157] [INFO] [request/get-hongbao] - 耗时 54.523s
[2018-09-09T10:51:14.159] [INFO] [service/eleme] - 当前 white 18 条，black 88 条
[2018-09-09T10:52:07.581] [INFO] [request/get-hongbao] - {"url":"https://h5.ele.me/hongbao/#hardware_id=&is_lucky_group=True&lucky_number=9&track_id=&platform=4&sn=110040a975ab0cb5&theme_id=3017&device_id=&refer_user_id=16044417","mobile":"15259029407","cookies":10}
[2018-09-09T10:52:07.582] [INFO] [service/proxy] - 本次不走代理
[2018-09-09T10:52:12.277] [INFO] [service/proxy] - 本次不走代理
[2018-09-09T10:52:12.279] [ERROR] [service/eleme] - sn is not defined
[2018-09-09T10:52:12.280] [INFO] [response/get-hongbao] - {"code":7,"data":{"cookies":[]},"message":"sn is not defined"}
[2018-09-09T10:52:12.282] [INFO] [request/get-hongbao] - 耗时 4.701s
[2018-09-09T10:52:14.162] [INFO] [service/eleme] - 当前 white 18 条，black 88 条
[2018-09-09T10:53:14.164] [INFO] [service/eleme] - 当前 white 18 条，black 88 条
[2018-09-09T10:54:14.166] [INFO] [service/eleme] - 当前 white 18 条，black 88 条
[2018-09-09T10:55:14.168] [INFO] [service/eleme] - 当前 white 18 条，black 88 条
[2018-09-09T10:55:20.904] [INFO] [request/get-hongbao] - {"url":"https://h5.ele.me/hongbao/#hardware_id=&is_lucky_group=True&lucky_number=9&track_id=&platform=4&sn=110040a975ab0cb5&theme_id=3017&device_id=&refer_user_id=16044417","mobile":"15259029407","cookies":10}
[2018-09-09T10:55:20.905] [INFO] [service/proxy] - 本次不走代理
[2018-09-09T10:55:36.061] [INFO] [service/proxy] - 本次不走代理
[2018-09-09T10:55:36.063] [ERROR] [service/eleme] - sn is not defined
[2018-09-09T10:55:36.064] [INFO] [response/get-hongbao] - {"code":7,"data":{"cookies":[]},"message":"sn is not defined"}
[2018-09-09T10:55:36.066] [INFO] [request/get-hongbao] - 耗时 15.162s
[2018-09-09T10:56:14.170] [INFO] [service/eleme] - 当前 white 18 条，black 88 条
[2018-09-09T10:56:51.753] [INFO] [service/proxy] - 
[2018-09-09T10:57:12.526] [INFO] [request/get-hongbao] - {"url":"https://h5.ele.me/hongbao/#hardware_id=&is_lucky_group=True&lucky_number=9&track_id=&platform=4&sn=110040a975ab0cb5&theme_id=3017&device_id=&refer_user_id=16044417","mobile":"15259029407","cookies":10}
[2018-09-09T10:57:12.527] [INFO] [service/proxy] - 本次不走代理
[2018-09-09T10:57:45.965] [INFO] [service/proxy] - 本次不走代理
[2018-09-09T10:57:54.130] [INFO] [service/eleme] - 饿了么响应 {"account":"15164524639","extra_info":"{\"new_user_hongbao_style\": 1, \"order_target\": 2}","is_lucky":false,"is_new_supervip":false,"lucky_status":2,"promotion_items":[{"amount":2.8,"expire_date":"2018-09-10","hongbao_variety":["全品类"],"is_new_user":false,"item_type":1,"name":"品质联盟专享红包","phone":"15164524639","source":"weixin_share_hongbao","sum_condition":20,"validity_periods":"2018-09-10到期"},{"amount":15,"expire_date":"2018-09-11","hongbao_variety":["限新用户首单使用"],"is_new_user":true,"item_type":1,"name":"新用户专享红包","phone":"15164524639","source":"weixin_share_hongbao","sum_condition":15,"validity_periods":"2018-09-11到期"},{"amount":12,"expire_date":"2018-09-09","hongbao_variety":["限品类：果蔬生鲜、商店超市"],"is_new_user":false,"item_type":1,"name":"鲜果超市新客礼","phone":"15164524639","source":"new_retail","sum_condition":29,"validity_periods":"限2018-09-09当天使用"}],"promotion_records":[{"amount":3,"created_at":1536411374,"is_doubling_issued":false,"is_lucky":false,"sns_avatar":"","sns_username":"136****3015"},{"amount":3,"created_at":1536411407,"is_doubling_issued":false,"is_lucky":false,"sns_avatar":"http://thirdqq.qlogo.cn/qqapp/101204453/D4EC87DD1A907CD871D0B40F012B89FD/40","sns_username":"-"},{"amount":2.8,"created_at":1536412662,"is_doubling_issued":false,"is_lucky":false,"sns_avatar":"","sns_username":"171****4728"},{"amount":2.8,"created_at":1536461415,"is_doubling_issued":false,"is_lucky":false,"sns_avatar":"","sns_username":"151****4639"}],"ret_code":2,"theme_id":3017}
[2018-09-09T10:57:54.131] [INFO] [service/eleme] - 还要领 5 个红包才是手气最佳
[2018-09-09T10:58:02.239] [INFO] [service/proxy] - 本次不走代理
[2018-09-09T10:58:02.243] [INFO] [service/eleme] - 当前 white 19 条，black 88 条
[2018-09-09T10:58:05.086] [INFO] [service/eleme] - 饿了么响应 {"account":"18409498303","extra_info":"{\"new_user_hongbao_style\": 1, \"order_target\": 1}","is_lucky":false,"is_new_supervip":false,"lucky_status":2,"promotion_items":[{"amount":3,"expire_date":"2018-09-10","hongbao_variety":["全品类"],"is_new_user":false,"item_type":1,"name":"品质联盟专享红包","phone":"18409498303","source":"weixin_share_hongbao","sum_condition":23,"validity_periods":"2018-09-10到期"},{"amount":15,"expire_date":"2018-09-11","hongbao_variety":["限新用户首单使用"],"is_new_user":true,"item_type":1,"name":"新用户专享红包","phone":"18409498303","source":"weixin_share_hongbao","sum_condition":15,"validity_periods":"2018-09-11到期"},{"amount":12,"expire_date":"2018-09-09","hongbao_variety":["限品类：果蔬生鲜、商店超市"],"is_new_user":false,"item_type":1,"name":"鲜果超市新客礼","phone":"18409498303","source":"new_retail","sum_condition":29,"validity_periods":"限2018-09-09当天使用"}],"promotion_records":[{"amount":3,"created_at":1536411374,"is_doubling_issued":false,"is_lucky":false,"sns_avatar":"","sns_username":"136****3015"},{"amount":3,"created_at":1536411407,"is_doubling_issued":false,"is_lucky":false,"sns_avatar":"http://thirdqq.qlogo.cn/qqapp/101204453/D4EC87DD1A907CD871D0B40F012B89FD/40","sns_username":"-"},{"amount":2.8,"created_at":1536412662,"is_doubling_issued":false,"is_lucky":false,"sns_avatar":"","sns_username":"171****4728"},{"amount":2.8,"created_at":1536461415,"is_doubling_issued":false,"is_lucky":false,"sns_avatar":"","sns_username":"151****4639"},{"amount":3,"created_at":1536461948,"is_doubling_issued":false,"is_lucky":false,"sns_avatar":"","sns_username":"184****8303"}],"ret_code":4,"theme_id":3017}
[2018-09-09T10:58:05.087] [INFO] [service/eleme] - 还要领 4 个红包才是手气最佳
[2018-09-09T10:58:07.231] [INFO] [service/proxy] - 本次不走代理
[2018-09-09T10:58:07.561] [INFO] [service/eleme] - 饿了么响应 {"account":"13487991734","is_lucky":false,"is_new_supervip":false,"lucky_status":2,"promotion_items":[{"amount":3.5,"expire_date":"2018-09-10","hongbao_variety":["全品类"],"is_new_user":false,"item_type":1,"name":"品质联盟专享红包","phone":"13487991734","source":"weixin_share_hongbao","sum_condition":25,"validity_periods":"2018-09-10到期"}],"promotion_records":[{"amount":3,"created_at":1536411374,"is_doubling_issued":false,"is_lucky":false,"sns_avatar":"","sns_username":"136****3015"},{"amount":3,"created_at":1536411407,"is_doubling_issued":false,"is_lucky":false,"sns_avatar":"http://thirdqq.qlogo.cn/qqapp/101204453/D4EC87DD1A907CD871D0B40F012B89FD/40","sns_username":"-"},{"amount":2.8,"created_at":1536412662,"is_doubling_issued":false,"is_lucky":false,"sns_avatar":"","sns_username":"171****4728"},{"amount":2.8,"created_at":1536461415,"is_doubling_issued":false,"is_lucky":false,"sns_avatar":"","sns_username":"151****4639"},{"amount":3,"created_at":1536461948,"is_doubling_issued":false,"is_lucky":false,"sns_avatar":"","sns_username":"184****8303"},{"amount":3.5,"created_at":1536461953,"is_doubling_issued":false,"is_lucky":false,"sns_avatar":"","sns_username":"134****1734"}],"ret_code":4,"theme_id":3017}
[2018-09-09T10:58:07.563] [INFO] [service/eleme] - 还要领 3 个红包才是手气最佳
[2018-09-09T10:58:07.565] [INFO] [service/proxy] - 本次不走代理
[2018-09-09T10:58:08.037] [INFO] [service/eleme] - 饿了么响应 {"account":"15973082446","extra_info":"{\"new_user_hongbao_style\": 2, \"order_target\": 1}","is_lucky":false,"is_new_supervip":false,"lucky_status":2,"promotion_items":[{"amount":3,"expire_date":"2018-09-10","hongbao_variety":["全品类"],"is_new_user":false,"item_type":1,"name":"品质联盟专享红包","phone":"15973082446","source":"weixin_share_hongbao","sum_condition":23,"validity_periods":"2018-09-10到期"},{"amount":15,"expire_date":"2018-09-11","hongbao_variety":["限新用户首单使用"],"is_new_user":true,"item_type":1,"name":"新用户专享红包","phone":"15973082446","source":"weixin_share_hongbao","sum_condition":15,"validity_periods":"2018-09-11到期"},{"amount":12,"expire_date":"2018-09-09","hongbao_variety":["限品类：果蔬生鲜、商店超市"],"is_new_user":false,"item_type":1,"name":"鲜果超市新客礼","phone":"15973082446","source":"new_retail","sum_condition":29,"validity_periods":"限2018-09-09当天使用"}],"promotion_records":[{"amount":3,"created_at":1536411374,"is_doubling_issued":false,"is_lucky":false,"sns_avatar":"","sns_username":"136****3015"},{"amount":3,"created_at":1536411407,"is_doubling_issued":false,"is_lucky":false,"sns_avatar":"http://thirdqq.qlogo.cn/qqapp/101204453/D4EC87DD1A907CD871D0B40F012B89FD/40","sns_username":"-"},{"amount":2.8,"created_at":1536412662,"is_doubling_issued":false,"is_lucky":false,"sns_avatar":"","sns_username":"171****4728"},{"amount":2.8,"created_at":1536461415,"is_doubling_issued":false,"is_lucky":false,"sns_avatar":"","sns_username":"151****4639"},{"amount":3,"created_at":1536461948,"is_doubling_issued":false,"is_lucky":false,"sns_avatar":"","sns_username":"184****8303"},{"amount":3.5,"created_at":1536461953,"is_doubling_issued":false,"is_lucky":false,"sns_avatar":"","sns_username":"134****1734"},{"amount":3,"created_at":1536461953,"is_doubling_issued":false,"is_lucky":false,"sns_avatar":"","sns_username":"159****2446"}],"ret_code":4,"theme_id":3017}
[2018-09-09T10:58:08.039] [INFO] [service/eleme] - 还要领 2 个红包才是手气最佳
[2018-09-09T10:58:08.040] [INFO] [service/proxy] - 本次不走代理
[2018-09-09T10:58:08.598] [INFO] [service/eleme] - 饿了么响应 {"account":"15283861604","is_lucky":false,"is_new_supervip":false,"lucky_status":2,"promotion_items":[{"amount":3,"expire_date":"2018-09-10","hongbao_variety":["全品类"],"is_new_user":false,"item_type":1,"name":"品质联盟专享红包","phone":"15283861604","source":"weixin_share_hongbao","sum_condition":23,"validity_periods":"2018-09-10到期"},{"amount":12,"expire_date":"2018-09-09","hongbao_variety":["限品类：果蔬生鲜、商店超市"],"is_new_user":false,"item_type":1,"name":"鲜果超市新客礼","phone":"15283861604","source":"new_retail","sum_condition":29,"validity_periods":"限2018-09-09当天使用"}],"promotion_records":[{"amount":3,"created_at":1536411374,"is_doubling_issued":false,"is_lucky":false,"sns_avatar":"","sns_username":"136****3015"},{"amount":3,"created_at":1536411407,"is_doubling_issued":false,"is_lucky":false,"sns_avatar":"http://thirdqq.qlogo.cn/qqapp/101204453/D4EC87DD1A907CD871D0B40F012B89FD/40","sns_username":"-"},{"amount":2.8,"created_at":1536412662,"is_doubling_issued":false,"is_lucky":false,"sns_avatar":"","sns_username":"171****4728"},{"amount":2.8,"created_at":1536461415,"is_doubling_issued":false,"is_lucky":false,"sns_avatar":"","sns_username":"151****4639"},{"amount":3,"created_at":1536461948,"is_doubling_issued":false,"is_lucky":false,"sns_avatar":"","sns_username":"184****8303"},{"amount":3.5,"created_at":1536461953,"is_doubling_issued":false,"is_lucky":false,"sns_avatar":"","sns_username":"134****1734"},{"amount":3,"created_at":1536461954,"is_doubling_issued":false,"is_lucky":false,"sns_avatar":"","sns_username":"159****2446"},{"amount":3,"created_at":1536461954,"is_doubling_issued":false,"is_lucky":false,"sns_avatar":"","sns_username":"152****1604"}],"ret_code":4,"theme_id":3017}
[2018-09-09T10:58:08.601] [INFO] [response/get-hongbao] - {"code":222,"data":{"cookies":[]},"message":"下一个是最大红包，别再点网站的领取按钮，请手动打开红包链接领取"}
[2018-09-09T10:58:08.602] [INFO] [request/get-hongbao] - 耗时 56.076s
[2018-09-09T10:59:02.244] [INFO] [service/eleme] - 当前 white 23 条，black 88 条
[2018-09-09T11:00:02.247] [INFO] [service/eleme] - 当前 white 23 条，black 88 条
[2018-09-09T11:01:02.248] [INFO] [service/eleme] - 当前 white 23 条，black 88 条
[2018-09-09T11:02:02.251] [INFO] [service/eleme] - 当前 white 23 条，black 88 条
[2018-09-09T11:03:02.253] [INFO] [service/eleme] - 当前 white 23 条，black 88 条
[2018-09-09T11:04:02.255] [INFO] [service/eleme] - 当前 white 23 条，black 88 条
[2018-09-09T11:05:02.257] [INFO] [service/eleme] - 当前 white 23 条，black 88 条
[2018-09-09T11:05:30.525] [INFO] [request/get-hongbao] - {"url":"https://h5.ele.me/hongbao/#hardware_id=&is_lucky_group=True&lucky_number=10&track_id=&platform=4&sn=1100adefbc2b0c2e&theme_id=3041&device_id=&refer_user_id=16044417","mobile":"15259029407","cookies":10}
[2018-09-09T11:05:30.526] [INFO] [service/proxy] - 本次不走代理
[2018-09-09T11:05:30.706] [INFO] [service/proxy] - 本次不走代理
[2018-09-09T11:05:31.196] [INFO] [service/eleme] - 饿了么响应 {"account":"15164524639","extra_info":"{\"order_target\": 2}","is_lucky":false,"is_new_supervip":false,"lucky_status":3,"promotion_items":[{"amount":3.5,"expire_date":"2018-09-10","hongbao_variety":["全品类"],"is_new_user":false,"item_type":1,"name":"品质联盟专享红包","phone":"15164524639","source":"weixin_share_hongbao","sum_condition":25,"validity_periods":"2018-09-10到期"},{"amount":1,"expire_date":"2018-09-11","hongbao_variety":["限品类：快餐便当、特色菜系、小吃夜宵、甜品饮品、异国料理"],"is_new_user":false,"item_type":1,"name":"分享红包","phone":"15164524639","source":"weixin_share_hongbao","sum_condition":20,"validity_periods":"2018-09-11到期"}],"promotion_records":[{"amount":3.5,"created_at":1536242200,"is_doubling_issued":false,"is_lucky":false,"sns_avatar":"","sns_username":"130****6389"},{"amount":3.5,"created_at":1536242201,"is_doubling_issued":false,"is_lucky":false,"sns_avatar":"","sns_username":"152****3546"},{"amount":3.5,"created_at":1536242202,"is_doubling_issued":false,"is_lucky":false,"sns_avatar":"","sns_username":"159****7305"},{"amount":3,"created_at":1536242203,"is_doubling_issued":false,"is_lucky":false,"sns_avatar":"","sns_username":"155****4516"},{"amount":3.5,"created_at":1536242204,"is_doubling_issued":false,"is_lucky":false,"sns_avatar":"","sns_username":"155****5815"},{"amount":3,"created_at":1536242207,"is_doubling_issued":false,"is_lucky":false,"sns_avatar":"","sns_username":"135****7853"},{"amount":3.5,"created_at":1536242208,"is_doubling_issued":false,"is_lucky":false,"sns_avatar":"","sns_username":"136****0025"},{"amount":3.5,"created_at":1536242211,"is_doubling_issued":false,"is_lucky":false,"sns_avatar":"","sns_username":"182****7379"},{"amount":3,"created_at":1536242361,"is_doubling_issued":false,"is_lucky":false,"sns_avatar":"","sns_username":"150****2003"},{"amount":6,"created_at":1536242386,"is_doubling_issued":false,"is_lucky":true,"sns_avatar":"","sns_username":"134****3985"},{"amount":3,"created_at":1536242450,"is_doubling_issued":false,"is_lucky":false,"sns_avatar":"","sns_username":"187****7066"},{"amount":3.5,"created_at":1536462396,"is_doubling_issued":false,"is_lucky":false,"sns_avatar":"","sns_username":"151****4639"}],"ret_code":4,"theme_id":3041}
[2018-09-09T11:05:31.197] [INFO] [service/eleme] - 手气最佳红包已被领取 {"amount":6,"created_at":1536242386,"is_doubling_issued":false,"is_lucky":true,"sns_avatar":"","sns_username":"134****3985"}
[2018-09-09T11:05:31.199] [INFO] [response/get-hongbao] - {"code":0,"data":{"cookies":[],"result":{"nickname":"134****3985","price":6,"date":"Thu Sep 06 2018 21:59:46 GMT+0800 (中国标准时间)","id":"1100adefbc2b0c2e"}},"message":"手气最佳红包已被领取"}
[2018-09-09T11:05:31.201] [INFO] [request/get-hongbao] - 耗时 0.676s
[2018-09-09T11:06:02.257] [INFO] [service/eleme] - 当前 white 24 条，black 88 条
[2018-09-09T11:07:02.259] [INFO] [service/eleme] - 当前 white 24 条，black 88 条
[2018-09-09T11:08:02.260] [INFO] [service/eleme] - 当前 white 24 条，black 88 条
[2018-09-09T11:08:25.682] [INFO] [request/get-hongbao] - {"url":"https://h5.ele.me/hongbao/#hardware_id=&is_lucky_group=True&lucky_number=7&track_id=&platform=4&sn=1100ff1e6fab0c43&theme_id=3025&device_id=&refer_user_id=16044417","mobile":"15259029407","cookies":10}
[2018-09-09T11:08:25.683] [INFO] [service/proxy] - 本次不走代理
[2018-09-09T11:08:25.838] [INFO] [service/proxy] - 本次不走代理
[2018-09-09T11:08:26.315] [INFO] [service/eleme] - 饿了么响应 {"account":"15164524639","extra_info":"{\"order_target\": 2}","is_lucky":false,"is_new_supervip":false,"lucky_status":2,"promotion_items":[{"amount":3.5,"expire_date":"2018-09-10","hongbao_variety":["全品类"],"is_new_user":false,"item_type":1,"name":"品质联盟专享红包","phone":"15164524639","source":"weixin_share_hongbao","sum_condition":25,"validity_periods":"2018-09-10到期"},{"amount":2,"expire_date":"2018-09-11","hongbao_variety":["限品类：快餐便当、特色菜系、小吃夜宵、甜品饮品、异国料理"],"is_new_user":false,"item_type":1,"name":"分享红包","phone":"15164524639","source":"weixin_share_hongbao","sum_condition":40,"validity_periods":"2018-09-11到期"}],"promotion_records":[{"amount":3.5,"created_at":1536462572,"is_doubling_issued":false,"is_lucky":false,"sns_avatar":"","sns_username":"151****4639"}],"ret_code":4,"theme_id":3025}
[2018-09-09T11:08:26.317] [INFO] [service/eleme] - 还要领 6 个红包才是手气最佳
[2018-09-09T11:08:26.320] [INFO] [service/proxy] - 本次不走代理
[2018-09-09T11:08:26.838] [INFO] [service/eleme] - 饿了么响应 {"account":"18409498303","extra_info":"{\"order_target\": 1}","is_lucky":false,"is_new_supervip":false,"lucky_status":2,"promotion_items":[{"amount":3,"expire_date":"2018-09-10","hongbao_variety":["全品类"],"is_new_user":false,"item_type":1,"name":"品质联盟专享红包","phone":"18409498303","source":"weixin_share_hongbao","sum_condition":23,"validity_periods":"2018-09-10到期"},{"amount":1,"expire_date":"2018-09-11","hongbao_variety":["限品类：快餐便当、特色菜系、小吃夜宵、甜品饮品、异国料理"],"is_new_user":false,"item_type":1,"name":"分享红包","phone":"18409498303","source":"weixin_share_hongbao","sum_condition":20,"validity_periods":"2018-09-11到期"}],"promotion_records":[{"amount":3.5,"created_at":1536462572,"is_doubling_issued":false,"is_lucky":false,"sns_avatar":"","sns_username":"151****4639"},{"amount":3,"created_at":1536462572,"is_doubling_issued":false,"is_lucky":false,"sns_avatar":"","sns_username":"184****8303"}],"ret_code":4,"theme_id":3025}
[2018-09-09T11:08:26.839] [INFO] [service/eleme] - 还要领 5 个红包才是手气最佳
[2018-09-09T11:08:26.840] [INFO] [service/proxy] - 本次不走代理
[2018-09-09T11:08:27.122] [INFO] [service/eleme] - 饿了么响应 {"account":"13487991734","is_lucky":false,"is_new_supervip":false,"lucky_status":2,"promotion_items":[{"amount":3,"expire_date":"2018-09-10","hongbao_variety":["全品类"],"is_new_user":false,"item_type":1,"name":"品质联盟专享红包","phone":"13487991734","source":"weixin_share_hongbao","sum_condition":23,"validity_periods":"2018-09-10到期"}],"promotion_records":[{"amount":3.5,"created_at":1536462572,"is_doubling_issued":false,"is_lucky":false,"sns_avatar":"","sns_username":"151****4639"},{"amount":3,"created_at":1536462572,"is_doubling_issued":false,"is_lucky":false,"sns_avatar":"","sns_username":"184****8303"},{"amount":3,"created_at":1536462572,"is_doubling_issued":false,"is_lucky":false,"sns_avatar":"","sns_username":"134****1734"}],"ret_code":4,"theme_id":3025}
[2018-09-09T11:08:27.123] [INFO] [service/eleme] - 还要领 4 个红包才是手气最佳
[2018-09-09T11:08:27.125] [INFO] [service/proxy] - 本次不走代理
[2018-09-09T11:08:27.528] [INFO] [service/eleme] - 饿了么响应 {"account":"15973082446","extra_info":"{\"order_target\": 1}","is_lucky":false,"is_new_supervip":false,"lucky_status":2,"promotion_items":[{"amount":3.5,"expire_date":"2018-09-10","hongbao_variety":["全品类"],"is_new_user":false,"item_type":1,"name":"品质联盟专享红包","phone":"15973082446","source":"weixin_share_hongbao","sum_condition":25,"validity_periods":"2018-09-10到期"},{"amount":1,"expire_date":"2018-09-11","hongbao_variety":["限品类：快餐便当、特色菜系、小吃夜宵、甜品饮品、异国料理"],"is_new_user":false,"item_type":1,"name":"分享红包","phone":"15973082446","source":"weixin_share_hongbao","sum_condition":20,"validity_periods":"2018-09-11到期"}],"promotion_records":[{"amount":3.5,"created_at":1536462572,"is_doubling_issued":false,"is_lucky":false,"sns_avatar":"","sns_username":"151****4639"},{"amount":3,"created_at":1536462572,"is_doubling_issued":false,"is_lucky":false,"sns_avatar":"","sns_username":"184****8303"},{"amount":3,"created_at":1536462573,"is_doubling_issued":false,"is_lucky":false,"sns_avatar":"","sns_username":"134****1734"},{"amount":3.5,"created_at":1536462573,"is_doubling_issued":false,"is_lucky":false,"sns_avatar":"","sns_username":"159****2446"}],"ret_code":4,"theme_id":3025}
[2018-09-09T11:08:27.529] [INFO] [service/eleme] - 还要领 3 个红包才是手气最佳
[2018-09-09T11:08:27.531] [INFO] [service/proxy] - 本次不走代理
[2018-09-09T11:08:27.863] [INFO] [service/eleme] - 饿了么响应 {"account":"15283861604","is_lucky":false,"is_new_supervip":false,"lucky_status":2,"promotion_items":[{"amount":3,"expire_date":"2018-09-10","hongbao_variety":["全品类"],"is_new_user":false,"item_type":1,"name":"品质联盟专享红包","phone":"15283861604","source":"weixin_share_hongbao","sum_condition":23,"validity_periods":"2018-09-10到期"}],"promotion_records":[{"amount":3.5,"created_at":1536462572,"is_doubling_issued":false,"is_lucky":false,"sns_avatar":"","sns_username":"151****4639"},{"amount":3,"created_at":1536462572,"is_doubling_issued":false,"is_lucky":false,"sns_avatar":"","sns_username":"184****8303"},{"amount":3,"created_at":1536462573,"is_doubling_issued":false,"is_lucky":false,"sns_avatar":"","sns_username":"134****1734"},{"amount":3.5,"created_at":1536462573,"is_doubling_issued":false,"is_lucky":false,"sns_avatar":"","sns_username":"159****2446"},{"amount":3,"created_at":1536462573,"is_doubling_issued":false,"is_lucky":false,"sns_avatar":"","sns_username":"152****1604"}],"ret_code":4,"theme_id":3025}
[2018-09-09T11:08:27.864] [INFO] [service/eleme] - 还要领 2 个红包才是手气最佳
[2018-09-09T11:08:27.865] [INFO] [service/proxy] - 本次不走代理
[2018-09-09T11:08:28.374] [INFO] [service/eleme] - 饿了么响应 {"account":"17089942534","extra_info":"{\"new_user_hongbao_style\": 1, \"order_target\": 1}","is_lucky":false,"is_new_supervip":false,"lucky_status":2,"promotion_items":[{"amount":3,"expire_date":"2018-09-10","hongbao_variety":["全品类"],"is_new_user":false,"item_type":1,"name":"品质联盟专享红包","phone":"17089942534","source":"weixin_share_hongbao","sum_condition":23,"validity_periods":"2018-09-10到期"},{"amount":15,"expire_date":"2018-09-11","hongbao_variety":["限新用户首单使用"],"is_new_user":true,"item_type":1,"name":"新用户专享红包","phone":"17089942534","source":"weixin_share_hongbao","sum_condition":15,"validity_periods":"2018-09-11到期"}],"promotion_records":[{"amount":3.5,"created_at":1536462572,"is_doubling_issued":false,"is_lucky":false,"sns_avatar":"","sns_username":"151****4639"},{"amount":3,"created_at":1536462572,"is_doubling_issued":false,"is_lucky":false,"sns_avatar":"","sns_username":"184****8303"},{"amount":3,"created_at":1536462573,"is_doubling_issued":false,"is_lucky":false,"sns_avatar":"","sns_username":"134****1734"},{"amount":3.5,"created_at":1536462573,"is_doubling_issued":false,"is_lucky":false,"sns_avatar":"","sns_username":"159****2446"},{"amount":3,"created_at":1536462574,"is_doubling_issued":false,"is_lucky":false,"sns_avatar":"","sns_username":"152****1604"},{"amount":3,"created_at":1536462574,"is_doubling_issued":false,"is_lucky":false,"sns_avatar":"","sns_username":"170****2534"}],"ret_code":4,"theme_id":3025}
[2018-09-09T11:08:28.376] [INFO] [response/get-hongbao] - {"code":222,"data":{"cookies":[]},"message":"下一个是最大红包，别再点网站的领取按钮，请手动打开红包链接领取"}
[2018-09-09T11:08:28.376] [INFO] [request/get-hongbao] - 耗时 2.694s
[2018-09-09T11:09:02.262] [INFO] [service/eleme] - 当前 white 30 条，black 88 条
[2018-09-09T11:10:02.266] [INFO] [service/eleme] - 当前 white 30 条，black 88 条
[2018-09-09T11:11:02.279] [INFO] [service/eleme] - 当前 white 30 条，black 88 条
[2018-09-09T11:12:02.281] [INFO] [service/eleme] - 当前 white 30 条，black 88 条
[2018-09-09T11:13:02.287] [INFO] [service/eleme] - 当前 white 30 条，black 88 条
[2018-09-09T11:14:02.295] [INFO] [service/eleme] - 当前 white 30 条，black 88 条
[2018-09-09T11:15:02.298] [INFO] [service/eleme] - 当前 white 30 条，black 88 条
[2018-09-09T11:16:02.299] [INFO] [service/eleme] - 当前 white 30 条，black 88 条
[2018-09-09T11:17:02.301] [INFO] [service/eleme] - 当前 white 30 条，black 88 条
[2018-09-09T11:18:02.303] [INFO] [service/eleme] - 当前 white 30 条，black 88 条
[2018-09-09T11:19:02.304] [INFO] [service/eleme] - 当前 white 30 条，black 88 条
[2018-09-09T11:20:02.311] [INFO] [service/eleme] - 当前 white 30 条，black 88 条
[2018-09-09T11:20:25.219] [INFO] [request/get-hongbao] - {"url":"https://h5.ele.me/hongbao/#hardware_id=&is_lucky_group=True&lucky_number=10&track_id=&platform=4&sn=11012e6110a70c79&theme_id=3057&device_id=&refer_user_id=16044417","mobile":"15259029407","cookies":10}
[2018-09-09T11:20:25.220] [INFO] [service/proxy] - 本次不走代理
[2018-09-09T11:20:25.402] [INFO] [service/proxy] - 本次不走代理
[2018-09-09T11:20:25.914] [INFO] [service/eleme] - 饿了么响应 {"account":"15164524639","extra_info":"{\"order_target\": 2}","is_lucky":false,"is_new_supervip":false,"lucky_status":2,"promotion_items":[{"amount":1,"expire_date":"2018-09-10","hongbao_variety":["全品类"],"is_new_user":false,"item_type":1,"name":"拼手气红包","phone":"15164524639","source":"weixin_share_hongbao","sum_condition":30,"validity_periods":"2018-09-10到期"},{"amount":1,"expire_date":"2018-09-11","hongbao_variety":["限品类：快餐便当、特色菜系、小吃夜宵、甜品饮品、异国料理"],"is_new_user":false,"item_type":1,"name":"分享红包","phone":"15164524639","source":"weixin_share_hongbao","sum_condition":20,"validity_periods":"2018-09-11到期"}],"promotion_records":[{"amount":1,"created_at":1536463291,"is_doubling_issued":false,"is_lucky":false,"sns_avatar":"","sns_username":"151****4639"}],"ret_code":4,"theme_id":3057}
[2018-09-09T11:20:25.915] [INFO] [service/eleme] - 还要领 9 个红包才是手气最佳
[2018-09-09T11:20:25.917] [INFO] [service/proxy] - 本次不走代理
[2018-09-09T11:20:26.594] [INFO] [service/eleme] - 饿了么响应 {"account":"18409498303","extra_info":"{\"order_target\": 1}","is_lucky":false,"is_new_supervip":false,"lucky_status":2,"promotion_items":[{"amount":1.6,"expire_date":"2018-09-10","hongbao_variety":["全品类"],"is_new_user":false,"item_type":1,"name":"拼手气红包","phone":"18409498303","source":"weixin_share_hongbao","sum_condition":30,"validity_periods":"2018-09-10到期"},{"amount":2,"expire_date":"2018-09-11","hongbao_variety":["限品类：快餐便当、特色菜系、小吃夜宵、甜品饮品、异国料理"],"is_new_user":false,"item_type":1,"name":"分享红包","phone":"18409498303","source":"weixin_share_hongbao","sum_condition":40,"validity_periods":"2018-09-11到期"}],"promotion_records":[{"amount":1,"created_at":1536463292,"is_doubling_issued":false,"is_lucky":false,"sns_avatar":"","sns_username":"151****4639"},{"amount":1.6,"created_at":1536463292,"is_doubling_issued":false,"is_lucky":false,"sns_avatar":"","sns_username":"184****8303"}],"ret_code":4,"theme_id":3057}
[2018-09-09T11:20:26.595] [INFO] [service/eleme] - 还要领 8 个红包才是手气最佳
[2018-09-09T11:20:26.597] [INFO] [service/proxy] - 本次不走代理
[2018-09-09T11:20:26.998] [INFO] [service/eleme] - 饿了么响应 {"account":"13487991734","is_lucky":false,"is_new_supervip":false,"lucky_status":2,"promotion_items":[{"amount":1,"expire_date":"2018-09-10","hongbao_variety":["全品类"],"is_new_user":false,"item_type":1,"name":"拼手气红包","phone":"13487991734","source":"weixin_share_hongbao","sum_condition":30,"validity_periods":"2018-09-10到期"}],"promotion_records":[{"amount":1,"created_at":1536463292,"is_doubling_issued":false,"is_lucky":false,"sns_avatar":"","sns_username":"151****4639"},{"amount":1.6,"created_at":1536463292,"is_doubling_issued":false,"is_lucky":false,"sns_avatar":"","sns_username":"184****8303"},{"amount":1,"created_at":1536463292,"is_doubling_issued":false,"is_lucky":false,"sns_avatar":"","sns_username":"134****1734"}],"ret_code":4,"theme_id":3057}
[2018-09-09T11:20:26.999] [INFO] [service/eleme] - 还要领 7 个红包才是手气最佳
[2018-09-09T11:20:27.000] [INFO] [service/proxy] - 本次不走代理
[2018-09-09T11:20:27.401] [INFO] [service/eleme] - 饿了么响应 {"account":"15973082446","extra_info":"{\"order_target\": 1}","is_lucky":false,"is_new_supervip":false,"lucky_status":2,"promotion_items":[{"amount":1,"expire_date":"2018-09-10","hongbao_variety":["全品类"],"is_new_user":false,"item_type":1,"name":"拼手气红包","phone":"15973082446","source":"weixin_share_hongbao","sum_condition":30,"validity_periods":"2018-09-10到期"},{"amount":2,"expire_date":"2018-09-11","hongbao_variety":["限品类：快餐便当、特色菜系、小吃夜宵、甜品饮品、异国料理"],"is_new_user":false,"item_type":1,"name":"分享红包","phone":"15973082446","source":"weixin_share_hongbao","sum_condition":40,"validity_periods":"2018-09-11到期"}],"promotion_records":[{"amount":1,"created_at":1536463292,"is_doubling_issued":false,"is_lucky":false,"sns_avatar":"","sns_username":"151****4639"},{"amount":1.6,"created_at":1536463292,"is_doubling_issued":false,"is_lucky":false,"sns_avatar":"","sns_username":"184****8303"},{"amount":1,"created_at":1536463293,"is_doubling_issued":false,"is_lucky":false,"sns_avatar":"","sns_username":"134****1734"},{"amount":1,"created_at":1536463293,"is_doubling_issued":false,"is_lucky":false,"sns_avatar":"","sns_username":"159****2446"}],"ret_code":4,"theme_id":3057}
[2018-09-09T11:20:27.403] [INFO] [service/eleme] - 还要领 6 个红包才是手气最佳
[2018-09-09T11:20:27.405] [INFO] [service/proxy] - 本次不走代理
[2018-09-09T11:20:27.690] [INFO] [service/eleme] - 饿了么响应 {"account":"15283861604","is_lucky":false,"is_new_supervip":false,"lucky_status":2,"promotion_items":[{"amount":1.6,"expire_date":"2018-09-10","hongbao_variety":["全品类"],"is_new_user":false,"item_type":1,"name":"拼手气红包","phone":"15283861604","source":"weixin_share_hongbao","sum_condition":30,"validity_periods":"2018-09-10到期"}],"promotion_records":[{"amount":1,"created_at":1536463292,"is_doubling_issued":false,"is_lucky":false,"sns_avatar":"","sns_username":"151****4639"},{"amount":1.6,"created_at":1536463292,"is_doubling_issued":false,"is_lucky":false,"sns_avatar":"","sns_username":"184****8303"},{"amount":1,"created_at":1536463293,"is_doubling_issued":false,"is_lucky":false,"sns_avatar":"","sns_username":"134****1734"},{"amount":1,"created_at":1536463293,"is_doubling_issued":false,"is_lucky":false,"sns_avatar":"","sns_username":"159****2446"},{"amount":1.6,"created_at":1536463293,"is_doubling_issued":false,"is_lucky":false,"sns_avatar":"","sns_username":"152****1604"}],"ret_code":4,"theme_id":3057}
[2018-09-09T11:20:27.691] [INFO] [service/eleme] - 还要领 5 个红包才是手气最佳
[2018-09-09T11:20:27.692] [INFO] [service/proxy] - 本次不走代理
[2018-09-09T11:20:28.266] [INFO] [service/eleme] - 饿了么响应 {"account":"17089942534","extra_info":"{\"order_target\": 1}","is_lucky":false,"is_new_supervip":false,"lucky_status":2,"promotion_items":[{"amount":1,"expire_date":"2018-09-10","hongbao_variety":["全品类"],"is_new_user":false,"item_type":1,"name":"拼手气红包","phone":"17089942534","source":"weixin_share_hongbao","sum_condition":30,"validity_periods":"2018-09-10到期"},{"amount":1,"expire_date":"2018-09-11","hongbao_variety":["限品类：快餐便当、特色菜系、小吃夜宵、甜品饮品、异国料理"],"is_new_user":false,"item_type":1,"name":"分享红包","phone":"17089942534","source":"weixin_share_hongbao","sum_condition":20,"validity_periods":"2018-09-11到期"}],"promotion_records":[{"amount":1,"created_at":1536463292,"is_doubling_issued":false,"is_lucky":false,"sns_avatar":"","sns_username":"151****4639"},{"amount":1.6,"created_at":1536463292,"is_doubling_issued":false,"is_lucky":false,"sns_avatar":"","sns_username":"184****8303"},{"amount":1,"created_at":1536463293,"is_doubling_issued":false,"is_lucky":false,"sns_avatar":"","sns_username":"134****1734"},{"amount":1,"created_at":1536463293,"is_doubling_issued":false,"is_lucky":false,"sns_avatar":"","sns_username":"159****2446"},{"amount":1.6,"created_at":1536463293,"is_doubling_issued":false,"is_lucky":false,"sns_avatar":"","sns_username":"152****1604"},{"amount":1,"created_at":1536463293,"is_doubling_issued":false,"is_lucky":false,"sns_avatar":"","sns_username":"170****2534"}],"ret_code":4,"theme_id":3057}
[2018-09-09T11:20:28.267] [INFO] [service/eleme] - 还要领 4 个红包才是手气最佳
[2018-09-09T11:20:28.269] [INFO] [service/proxy] - 本次不走代理
[2018-09-09T11:20:28.622] [INFO] [service/eleme] - 饿了么响应 {"account":"18216467780","is_lucky":false,"is_new_supervip":false,"lucky_status":2,"promotion_items":[{"amount":1.8,"expire_date":"2018-09-10","hongbao_variety":["全品类"],"is_new_user":false,"item_type":1,"name":"拼手气红包","phone":"18216467780","source":"weixin_share_hongbao","sum_condition":30,"validity_periods":"2018-09-10到期"}],"promotion_records":[{"amount":1,"created_at":1536463292,"is_doubling_issued":false,"is_lucky":false,"sns_avatar":"","sns_username":"151****4639"},{"amount":1.6,"created_at":1536463292,"is_doubling_issued":false,"is_lucky":false,"sns_avatar":"","sns_username":"184****8303"},{"amount":1,"created_at":1536463293,"is_doubling_issued":false,"is_lucky":false,"sns_avatar":"","sns_username":"134****1734"},{"amount":1,"created_at":1536463293,"is_doubling_issued":false,"is_lucky":false,"sns_avatar":"","sns_username":"159****2446"},{"amount":1.6,"created_at":1536463293,"is_doubling_issued":false,"is_lucky":false,"sns_avatar":"","sns_username":"152****1604"},{"amount":1,"created_at":1536463294,"is_doubling_issued":false,"is_lucky":false,"sns_avatar":"","sns_username":"170****2534"},{"amount":1.8,"created_at":1536463294,"is_doubling_issued":false,"is_lucky":false,"sns_avatar":"","sns_username":"182****7780"}],"ret_code":4,"theme_id":3057}
[2018-09-09T11:20:28.622] [INFO] [service/eleme] - 还要领 3 个红包才是手气最佳
[2018-09-09T11:20:28.624] [INFO] [service/proxy] - 本次不走代理
[2018-09-09T11:20:29.533] [INFO] [service/eleme] - 饿了么响应 {"account":"15243829748","is_lucky":false,"is_new_supervip":true,"lucky_status":2,"promotion_items":[{"amount":1.8,"expire_date":"2018-09-10","hongbao_variety":["全品类"],"is_new_user":false,"item_type":1,"name":"拼手气红包","phone":"15243829748","source":"weixin_share_hongbao","sum_condition":30,"validity_periods":"2018-09-10到期"},{"amount":8,"expire_date":"2018-09-11","hongbao_variety":["全品类"],"is_new_user":false,"item_type":1,"name":"购买会员抵扣红包","phone":"15243829748","source":"supervip_platform","sum_condition":10,"validity_periods":"2018-09-11到期"}],"promotion_records":[{"amount":1,"created_at":1536463292,"is_doubling_issued":false,"is_lucky":false,"sns_avatar":"","sns_username":"151****4639"},{"amount":1.6,"created_at":1536463292,"is_doubling_issued":false,"is_lucky":false,"sns_avatar":"","sns_username":"184****8303"},{"amount":1,"created_at":1536463293,"is_doubling_issued":false,"is_lucky":false,"sns_avatar":"","sns_username":"134****1734"},{"amount":1,"created_at":1536463293,"is_doubling_issued":false,"is_lucky":false,"sns_avatar":"","sns_username":"159****2446"},{"amount":1.6,"created_at":1536463293,"is_doubling_issued":false,"is_lucky":false,"sns_avatar":"","sns_username":"152****1604"},{"amount":1,"created_at":1536463294,"is_doubling_issued":false,"is_lucky":false,"sns_avatar":"","sns_username":"170****2534"},{"amount":1.8,"created_at":1536463294,"is_doubling_issued":false,"is_lucky":false,"sns_avatar":"","sns_username":"182****7780"},{"amount":1.8,"created_at":1536463294,"is_doubling_issued":false,"is_lucky":false,"sns_avatar":"","sns_username":"152****9748"}],"ret_code":4,"theme_id":3057}
[2018-09-09T11:20:29.534] [INFO] [service/eleme] - 还要领 2 个红包才是手气最佳
[2018-09-09T11:20:29.535] [INFO] [service/proxy] - 本次不走代理
[2018-09-09T11:20:29.971] [INFO] [service/eleme] - 饿了么响应 {"account":"13400111979","extra_info":"{\"new_user_hongbao_style\": 2, \"order_target\": 1}","is_lucky":false,"is_new_supervip":false,"lucky_status":2,"promotion_items":[{"amount":1.6,"expire_date":"2018-09-10","hongbao_variety":["全品类"],"is_new_user":false,"item_type":1,"name":"拼手气红包","phone":"13400111979","source":"weixin_share_hongbao","sum_condition":30,"validity_periods":"2018-09-10到期"},{"amount":15,"expire_date":"2018-09-11","hongbao_variety":["限新用户首单使用"],"is_new_user":true,"item_type":1,"name":"新用户专享红包","phone":"13400111979","source":"weixin_share_hongbao","sum_condition":15,"validity_periods":"2018-09-11到期"}],"promotion_records":[{"amount":1,"created_at":1536463292,"is_doubling_issued":false,"is_lucky":false,"sns_avatar":"","sns_username":"151****4639"},{"amount":1.6,"created_at":1536463292,"is_doubling_issued":false,"is_lucky":false,"sns_avatar":"","sns_username":"184****8303"},{"amount":1,"created_at":1536463293,"is_doubling_issued":false,"is_lucky":false,"sns_avatar":"","sns_username":"134****1734"},{"amount":1,"created_at":1536463293,"is_doubling_issued":false,"is_lucky":false,"sns_avatar":"","sns_username":"159****2446"},{"amount":1.6,"created_at":1536463293,"is_doubling_issued":false,"is_lucky":false,"sns_avatar":"","sns_username":"152****1604"},{"amount":1,"created_at":1536463294,"is_doubling_issued":false,"is_lucky":false,"sns_avatar":"","sns_username":"170****2534"},{"amount":1.8,"created_at":1536463294,"is_doubling_issued":false,"is_lucky":false,"sns_avatar":"","sns_username":"182****7780"},{"amount":1.8,"created_at":1536463295,"is_doubling_issued":false,"is_lucky":false,"sns_avatar":"","sns_username":"152****9748"},{"amount":1.6,"created_at":1536463295,"is_doubling_issued":false,"is_lucky":false,"sns_avatar":"","sns_username":"134****1979"}],"ret_code":4,"theme_id":3057}
[2018-09-09T11:20:29.975] [INFO] [response/get-hongbao] - {"code":222,"data":{"cookies":[]},"message":"下一个是最大红包，别再点网站的领取按钮，请手动打开红包链接领取"}
[2018-09-09T11:20:29.979] [INFO] [request/get-hongbao] - 耗时 4.76s
[2018-09-09T11:21:02.315] [INFO] [service/eleme] - 当前 white 39 条，black 88 条
[2018-09-09T11:22:02.317] [INFO] [service/eleme] - 当前 white 39 条，black 88 条
[2018-09-09T11:23:02.322] [INFO] [service/eleme] - 当前 white 39 条，black 88 条
[2018-09-09T11:24:02.325] [INFO] [service/eleme] - 当前 white 39 条，black 88 条
[2018-09-09T11:25:02.326] [INFO] [service/eleme] - 当前 white 39 条，black 88 条
[2018-09-09T11:26:02.328] [INFO] [service/eleme] - 当前 white 39 条，black 88 条
[2018-09-09T11:27:02.330] [INFO] [service/eleme] - 当前 white 39 条，black 88 条
[2018-09-09T11:28:02.333] [INFO] [service/eleme] - 当前 white 39 条，black 88 条
[2018-09-09T11:29:02.340] [INFO] [service/eleme] - 当前 white 39 条，black 88 条
[2018-09-09T11:30:02.342] [INFO] [service/eleme] - 当前 white 39 条，black 88 条
[2018-09-09T11:31:02.344] [INFO] [service/eleme] - 当前 white 39 条，black 88 条
[2018-09-09T11:32:02.345] [INFO] [service/eleme] - 当前 white 39 条，black 88 条
[2018-09-09T11:33:02.353] [INFO] [service/eleme] - 当前 white 39 条，black 88 条
[2018-09-09T11:34:02.354] [INFO] [service/eleme] - 当前 white 39 条，black 88 条
[2018-09-09T11:35:02.358] [INFO] [service/eleme] - 当前 white 39 条，black 88 条
[2018-09-09T11:36:02.360] [INFO] [service/eleme] - 当前 white 39 条，black 88 条
[2018-09-09T11:37:02.362] [INFO] [service/eleme] - 当前 white 39 条，black 88 条
[2018-09-09T11:38:02.363] [INFO] [service/eleme] - 当前 white 39 条，black 88 条
[2018-09-09T11:39:02.365] [INFO] [service/eleme] - 当前 white 39 条，black 88 条
[2018-09-09T11:40:02.369] [INFO] [service/eleme] - 当前 white 39 条，black 88 条
[2018-09-09T11:41:02.373] [INFO] [service/eleme] - 当前 white 39 条，black 88 条
[2018-09-09T11:42:02.374] [INFO] [service/eleme] - 当前 white 39 条，black 88 条
[2018-09-09T11:43:02.375] [INFO] [service/eleme] - 当前 white 39 条，black 88 条
[2018-09-09T11:44:02.377] [INFO] [service/eleme] - 当前 white 39 条，black 88 条
[2018-09-09T11:45:02.378] [INFO] [service/eleme] - 当前 white 39 条，black 88 条
[2018-09-09T11:46:02.380] [INFO] [service/eleme] - 当前 white 39 条，black 88 条
[2018-09-09T11:47:02.386] [INFO] [service/eleme] - 当前 white 39 条，black 88 条
[2018-09-09T11:48:02.388] [INFO] [service/eleme] - 当前 white 39 条，black 88 条
[2018-09-09T11:49:02.389] [INFO] [service/eleme] - 当前 white 39 条，black 88 条
[2018-09-09T11:50:02.391] [INFO] [service/eleme] - 当前 white 39 条，black 88 条
